[06-Mar-2025 17:18:47 Europe/Berlin] Received input: {"order":[{"id":6,"name":"Pazzadillas","price":122,"quantity":1}],"amount_paid":500,"total":136.64}
[06-Mar-2025 17:18:47 Europe/Berlin] Error processing order: Table 'transactions' does not exist
[06-Mar-2025 17:18:47 Europe/Berlin] Stack trace: #0 {main}
[06-Mar-2025 17:20:47 Europe/Berlin] Received input: {"order":[{"id":6,"name":"Pazzadillas","price":122,"quantity":1}],"amount_paid":150,"total":136.64}
[06-Mar-2025 17:20:47 Europe/Berlin] Processing order for user: 15
[06-Mar-2025 17:20:47 Europe/Berlin] Order data: Array
(
    [0] => Array
        (
            [id] => 6
            [name] => Pazzadillas
            [price] => 122
            [quantity] => 1
        )

)

[06-Mar-2025 17:20:47 Europe/Berlin] Order totals - Subtotal: 122, Tax: 14.64, Total: 136.64, Change: 13.36
[06-Mar-2025 17:20:47 Europe/Berlin] Created transaction with ID: 1
[06-Mar-2025 17:20:47 Europe/Berlin] Adding item - Product ID: 6, Quantity: 1, Price: 122, Subtotal: 122
[06-Mar-2025 17:20:47 Europe/Berlin] Transaction committed successfully
[06-Mar-2025 17:23:45 Europe/Berlin] Received input: {"order":[{"id":8,"name":"Creamy Oreo","price":122,"quantity":2}],"amount_paid":500,"total":273.28}
[06-Mar-2025 17:23:45 Europe/Berlin] Processing order for user: 15
[06-Mar-2025 17:23:45 Europe/Berlin] Order data: Array
(
    [0] => Array
        (
            [id] => 8
            [name] => Creamy Oreo
            [price] => 122
            [quantity] => 2
        )

)

[06-Mar-2025 17:23:45 Europe/Berlin] Order totals - Subtotal: 244, Tax: 29.28, Total: 273.28, Change: 226.72
[06-Mar-2025 17:23:45 Europe/Berlin] Created transaction with ID: 2
[06-Mar-2025 17:23:45 Europe/Berlin] Adding item - Product ID: 8, Quantity: 2, Price: 122, Subtotal: 244
[06-Mar-2025 17:23:45 Europe/Berlin] Transaction committed successfully
[06-Mar-2025 17:27:34 Europe/Berlin] Received input: {"order":[{"id":7,"name":"Pazzadilla","price":122,"quantity":10}],"amount_paid":2000,"total":1366.4}
[06-Mar-2025 17:27:34 Europe/Berlin] Processing order for user: 15
[06-Mar-2025 17:27:34 Europe/Berlin] Order data: Array
(
    [0] => Array
        (
            [id] => 7
            [name] => Pazzadilla
            [price] => 122
            [quantity] => 10
        )

)

[06-Mar-2025 17:27:34 Europe/Berlin] Order totals - Subtotal: 1220, Tax: 146.4, Total: 1366.4, Change: 633.6
[06-Mar-2025 17:27:34 Europe/Berlin] Created transaction with ID: 3
[06-Mar-2025 17:27:34 Europe/Berlin] Adding item - Product ID: 7, Quantity: 10, Price: 122, Subtotal: 1220
[06-Mar-2025 17:27:34 Europe/Berlin] Transaction committed successfully
[06-Mar-2025 17:48:20 Europe/Berlin] Received input: {"order":[{"id":7,"name":"Pazzadilla","price":122,"quantity":2}],"amount_paid":500,"total":273.28}
[06-Mar-2025 17:48:20 Europe/Berlin] Processing order for user: 15
[06-Mar-2025 17:48:20 Europe/Berlin] Order data: Array
(
    [0] => Array
        (
            [id] => 7
            [name] => Pazzadilla
            [price] => 122
            [quantity] => 2
        )

)

[06-Mar-2025 17:48:20 Europe/Berlin] Order totals - Subtotal: 244, Tax: 29.28, Total: 273.28, Change: 226.72
[06-Mar-2025 17:48:20 Europe/Berlin] Created transaction with ID: 4
[06-Mar-2025 17:48:20 Europe/Berlin] Adding item - Product ID: 7, Quantity: 2, Price: 122, Subtotal: 244
[06-Mar-2025 17:48:20 Europe/Berlin] Transaction committed successfully
[06-Mar-2025 18:39:03 Europe/Berlin] Received input: {"order":[{"id":7,"name":"Pazzadilla","price":122,"quantity":12}],"amount_paid":2000,"total":1639.68}
[06-Mar-2025 18:39:03 Europe/Berlin] Processing order for user: 15
[06-Mar-2025 18:39:03 Europe/Berlin] Order data: Array
(
    [0] => Array
        (
            [id] => 7
            [name] => Pazzadilla
            [price] => 122
            [quantity] => 12
        )

)

[06-Mar-2025 18:39:03 Europe/Berlin] Order totals - Subtotal: 1464, Tax: 175.68, Total: 1639.68, Change: 360.32
[06-Mar-2025 18:39:03 Europe/Berlin] Created transaction with ID: 5
[06-Mar-2025 18:39:03 Europe/Berlin] Adding item - Product ID: 7, Quantity: 12, Price: 122, Subtotal: 1464
[06-Mar-2025 18:39:03 Europe/Berlin] Transaction committed successfully
